  osipservice.cpp
d:\work\gopath\src\github.com\wanghonggao007\gb28181\gb28181\osipservice.cpp(299): warning C4477: “printf”: 格式字符串“%d”需要类型“int”的参数，但可变参数 1 拥有了类型“eXosip_event_t *”
d:\work\gopath\src\github.com\wanghonggao007\gb28181\gb28181\osipservice.cpp(299): warning C4313: “printf”: 格式字符串中的“%d”与“eXosip_event_t *”类型的参数 1 冲突
d:\work\gopath\src\github.com\wanghonggao007\gb28181\gb28181\osipservice.cpp(584): warning C4002: 类函数宏的调用“APP_WARRING”参数过多
d:\work\gopath\src\github.com\wanghonggao007\gb28181\gb28181\osipservice.cpp(584): warning C4473: “printf”: 没有为格式字符串传递足够的参数
  d:\work\gopath\src\github.com\wanghonggao007\gb28181\gb28181\osipservice.cpp(584): note: 占位符和其参数预计 5 可变参数，但提供的却是 4 参数
  d:\work\gopath\src\github.com\wanghonggao007\gb28181\gb28181\osipservice.cpp(584): note: 缺失的可变参数 5 为格式字符串“%d”所需
d:\work\gopath\src\github.com\wanghonggao007\gb28181\gb28181\osipservice.cpp(600): warning C4002: 类函数宏的调用“APP_WARRING”参数过多
d:\work\gopath\src\github.com\wanghonggao007\gb28181\gb28181\osipservice.cpp(600): warning C4473: “printf”: 没有为格式字符串传递足够的参数
  d:\work\gopath\src\github.com\wanghonggao007\gb28181\gb28181\osipservice.cpp(600): note: 占位符和其参数预计 5 可变参数，但提供的却是 4 参数
  d:\work\gopath\src\github.com\wanghonggao007\gb28181\gb28181\osipservice.cpp(600): note: 缺失的可变参数 5 为格式字符串“%d”所需
d:\work\gopath\src\github.com\wanghonggao007\gb28181\gb28181\osipservice.cpp(844): warning C4553: “==”: 未使用表达式结果；是否打算使用“=”?
d:\work\gopath\src\github.com\wanghonggao007\gb28181\gb28181\osipservice.cpp(1006): warning C4002: 类函数宏的调用“APP_DEBUG”参数过多
d:\work\gopath\src\github.com\wanghonggao007\gb28181\gb28181\osipservice.cpp(1006): warning C4473: “printf”: 没有为格式字符串传递足够的参数
  d:\work\gopath\src\github.com\wanghonggao007\gb28181\gb28181\osipservice.cpp(1006): note: 占位符和其参数预计 5 可变参数，但提供的却是 4 参数
  d:\work\gopath\src\github.com\wanghonggao007\gb28181\gb28181\osipservice.cpp(1006): note: 缺失的可变参数 5 为格式字符串“%d”所需
d:\work\gopath\src\github.com\wanghonggao007\gb28181\gb28181\osipservice.cpp(1035): warning C4002: 类函数宏的调用“APP_DEBUG”参数过多
d:\work\gopath\src\github.com\wanghonggao007\gb28181\gb28181\osipservice.cpp(1035): warning C4473: “printf”: 没有为格式字符串传递足够的参数
  d:\work\gopath\src\github.com\wanghonggao007\gb28181\gb28181\osipservice.cpp(1035): note: 占位符和其参数预计 5 可变参数，但提供的却是 4 参数
  d:\work\gopath\src\github.com\wanghonggao007\gb28181\gb28181\osipservice.cpp(1035): note: 缺失的可变参数 5 为格式字符串“%d”所需
d:\work\gopath\src\github.com\wanghonggao007\gb28181\gb28181\osipservice.cpp(1064): warning C4002: 类函数宏的调用“APP_DEBUG”参数过多
d:\work\gopath\src\github.com\wanghonggao007\gb28181\gb28181\osipservice.cpp(1064): warning C4473: “printf”: 没有为格式字符串传递足够的参数
  d:\work\gopath\src\github.com\wanghonggao007\gb28181\gb28181\osipservice.cpp(1064): note: 占位符和其参数预计 5 可变参数，但提供的却是 4 参数
  d:\work\gopath\src\github.com\wanghonggao007\gb28181\gb28181\osipservice.cpp(1064): note: 缺失的可变参数 5 为格式字符串“%d”所需
d:\work\gopath\src\github.com\wanghonggao007\gb28181\gb28181\osipservice.cpp(1085): warning C4002: 类函数宏的调用“APP_ERR”参数过多
d:\work\gopath\src\github.com\wanghonggao007\gb28181\gb28181\osipservice.cpp(1085): warning C4473: “printf”: 没有为格式字符串传递足够的参数
  d:\work\gopath\src\github.com\wanghonggao007\gb28181\gb28181\osipservice.cpp(1085): note: 占位符和其参数预计 5 可变参数，但提供的却是 4 参数
  d:\work\gopath\src\github.com\wanghonggao007\gb28181\gb28181\osipservice.cpp(1085): note: 缺失的可变参数 5 为格式字符串“%d”所需
d:\work\gopath\src\github.com\wanghonggao007\gb28181\gb28181\osipservice.cpp(1304): warning C4002: 类函数宏的调用“APP_WARRING”参数过多
d:\work\gopath\src\github.com\wanghonggao007\gb28181\gb28181\osipservice.cpp(1304): warning C4473: “printf”: 没有为格式字符串传递足够的参数
  d:\work\gopath\src\github.com\wanghonggao007\gb28181\gb28181\osipservice.cpp(1304): note: 占位符和其参数预计 5 可变参数，但提供的却是 4 参数
  d:\work\gopath\src\github.com\wanghonggao007\gb28181\gb28181\osipservice.cpp(1304): note: 缺失的可变参数 5 为格式字符串“%s”所需
d:\work\gopath\src\github.com\wanghonggao007\gb28181\gb28181\osipservice.cpp(1414): warning C4477: “printf”: 格式字符串“%s”需要类型“char *”的参数，但可变参数 1 拥有了类型“osip_message_t *”
  GB28181.vcxproj -> D:\work\GOPATH\src\github.com\wanghonggao007\GB28181\x64\Release\GB28181.exe
